#
# There is insufficient memory for the Java Runtime Environment to continue.
# Native memory allocation (mmap) failed to map 264241152 bytes for G1 virtual space
# Possible reasons:
#   The system is out of physical RAM or swap space
#   The process is running with CompressedOops enabled, and the Java Heap may be blocking the growth of the native heap
# Possible solutions:
#   Reduce memory load on the system
#   Increase physical memory or swap space
#   Check if swap backing store is full
#   Decrease Java heap size (-Xmx/-Xms)
#   Decrease number of Java threads
#   Decrease Java thread stack sizes (-Xss)
#   Set larger code cache with -XX:ReservedCodeCacheSize=
#   JVM is running with Zero Based Compressed Oops mode in which the Java heap is
#     placed in the first 32GB address space. The Java Heap base address is the
#     maximum limit for the native heap growth. Please use -XX:HeapBaseMinAddress
#     to set the Java Heap base and to place the Java Heap above 32GB virtual address.
# This output file may be truncated or incomplete.
#
#  Out of Memory Error (os_windows.cpp:3548), pid=16824, tid=16472
#
# JRE version:  (17.0.10+11) (build )
# Java VM: Java HotSpot(TM) 64-Bit Server VM (17.0.10+11-LTS-240, mixed mode, sharing, tiered, compressed oops, compressed class ptrs, g1 gc, windows-amd64)
# No core dump will be written. Minidumps are not enabled by default on client versions of Windows
#

---------------  S U M M A R Y ------------

Command Line: -Dnet.bytebuddy.agent.attacher.dump= net.bytebuddy.agent.Attacher com.sun.tools.attach.VirtualMachine 29596 C:\Users\hs\.gradle\caches\modules-2\files-2.1\net.bytebuddy\byte-buddy-agent\1.14.17\e3c251a39dc90badaf71c83427ba46840f219d8d\byte-buddy-agent-1.14.17.jar false 

Host: 12th Gen Intel(R) Core(TM) i5-1240P, 16 cores, 15G,  Windows 11 , 64 bit Build 26100 (10.0.26100.3037)
Time: Fri Feb 28 16:14:02 2025  Windows 11 , 64 bit Build 26100 (10.0.26100.3037) elapsed time: 1.288361 seconds (0d 0h 0m 1s)

---------------  T H R E A D  ---------------

Current thread (0x000001c65aef68d0):  JavaThread "Unknown thread" [_thread_in_vm, id=16472, stack(0x000000bcf3a00000,0x000000bcf3b00000)]

Stack: [0x000000bcf3a00000,0x000000bcf3b00000]
Native frames: (J=compiled Java code, j=interpreted, Vv=VM code, C=native code)
V  [jvm.dll+0x677a5a]
V  [jvm.dll+0x7d8b2d]
V  [jvm.dll+0x7da48e]
V  [jvm.dll+0x7daaf3]
V  [jvm.dll+0x2455ff]
V  [jvm.dll+0x6749b9]
V  [jvm.dll+0x669382]
V  [jvm.dll+0x302e96]
V  [jvm.dll+0x30a416]
V  [jvm.dll+0x359cbe]
V  [jvm.dll+0x359eef]
V  [jvm.dll+0x2d9e88]
V  [jvm.dll+0x2dadf4]
V  [jvm.dll+0x7aa551]
V  [jvm.dll+0x367911]
V  [jvm.dll+0x789639]
V  [jvm.dll+0x3eb30f]
V  [jvm.dll+0x3ecd91]
C  [jli.dll+0x5297]
C  [ucrtbase.dll+0x37b0]
C  [KERNEL32.DLL+0x2e8d7]
C  [ntdll.dll+0xbbf2c]


---------------  P R O C E S S  ---------------

Threads class SMR info:
_java_thread_list=0x00007ffd4ff56a18, length=0, elements={
}

Java Threads: ( => current thread )

Other Threads:
  0x000001c65af60fd0 GCTaskThread "GC Thread#0" [stack: 0x000000bcf3b00000,0x000000bcf3c00000] [id=20096]
  0x000001c65af72ac0 ConcurrentGCThread "G1 Main Marker" [stack: 0x000000bcf3c00000,0x000000bcf3d00000] [id=15892]
  0x000001c65af74940 ConcurrentGCThread "G1 Conc#0" [stack: 0x000000bcf3d00000,0x000000bcf3e00000] [id=23816]

[error occurred during error reporting (printing all threads), id 0xc0000005, EXCEPTION_ACCESS_VIOLATION (0xc0000005) at pc=0x00007ffd4f78aae7]

VM state: not at safepoint (not fully initialized)

VM Mutex/Monitor currently owned by a thread:  ([mutex/lock_event])
[0x000001c65aef3a30] Heap_lock - owner thread: 0x000001c65aef68d0

Heap address: 0x0000000704600000, size: 4026 MB, Compressed Oops mode: Zero based, Oop shift amount: 3

CDS archive(s) mapped at: [0x0000000000000000-0x0000000000000000-0x0000000000000000), size 0, SharedBaseAddress: 0x0000000800000000, ArchiveRelocationMode: 1.
Narrow klass base: 0x0000000000000000, Narrow klass shift: 0, Narrow klass range: 0x0

GC Precious Log:
<Empty>

Heap:
 garbage-first heap   total 0K, used 0K [0x0000000704600000, 0x0000000800000000)
  region size 2048K, 0 young (0K), 0 survivors (0K)

[error occurred during error reporting (printing heap information), id 0xc0000005, EXCEPTION_ACCESS_VIOLATION (0xc0000005) at pc=0x00007ffd4fb71249]

GC Heap History (0 events):
No events

Deoptimization events (0 events):
No events

Classes unloaded (0 events):
No events

Classes redefined (0 events):
No events

Internal exceptions (0 events):
No events

VM Operations (0 events):
No events

Events (1 events):
Event: 0.032 Loaded shared library C:\Program Files\Java\jdk-17\bin\java.dll


Dynamic libraries:
0x00007ff764bb0000 - 0x00007ff764bc0000 	C:\Program Files\Java\jdk-17\bin\java.exe
0x00007ffddb880000 - 0x00007ffddbae3000 	C:\WINDOWS\SYSTEM32\ntdll.dll
0x00007ffdda350000 - 0x00007ffdda417000 	C:\WINDOWS\System32\KERNEL32.DLL
0x00007ffdd8cb0000 - 0x00007ffdd9077000 	C:\WINDOWS\System32\KERNELBASE.dll
0x00007ffdd92b0000 - 0x00007ffdd93fc000 	C:\WINDOWS\System32\ucrtbase.dll
0x00007ffdcb250000 - 0x00007ffdcb26b000 	C:\Program Files\Java\jdk-17\bin\VCRUNTIME140.dll
0x00007ffdcfe30000 - 0x00007ffdcfe49000 	C:\Program Files\Java\jdk-17\bin\jli.dll
0x00007ffdda290000 - 0x00007ffdda344000 	C:\WINDOWS\System32\ADVAPI32.dll
0x00007ffdda1e0000 - 0x00007ffdda289000 	C:\WINDOWS\System32\msvcrt.dll
0x00007ffdda6f0000 - 0x00007ffdda796000 	C:\WINDOWS\System32\sechost.dll
0x00007ffddb5c0000 - 0x00007ffddb6d6000 	C:\WINDOWS\System32\RPCRT4.dll
0x00007ffdda420000 - 0x00007ffdda5e9000 	C:\WINDOWS\System32\USER32.dll
0x00007ffdd94c0000 - 0x00007ffdd94e7000 	C:\WINDOWS\System32\win32u.dll
0x00007ffdd7d90000 - 0x00007ffdd8020000 	C:\WINDOWS\WinSxS\amd64_microsoft.windows.common-controls_6595b64144ccf1df_6.0.26100.3037_none_3e09262ce333c378\COMCTL32.dll
0x00007ffdda5f0000 - 0x00007ffdda61a000 	C:\WINDOWS\System32\GDI32.dll
0x00007ffdd9590000 - 0x00007ffdd96bb000 	C:\WINDOWS\System32\gdi32full.dll
0x00007ffdd9080000 - 0x00007ffdd9123000 	C:\WINDOWS\System32\msvcp_win.dll
0x00007ffdd7390000 - 0x00007ffdd739b000 	C:\WINDOWS\SYSTEM32\VERSION.dll
0x00007ffdda630000 - 0x00007ffdda65f000 	C:\WINDOWS\System32\IMM32.DLL
0x00007ffdcb240000 - 0x00007ffdcb24c000 	C:\Program Files\Java\jdk-17\bin\vcruntime140_1.dll
0x00007ffd99de0000 - 0x00007ffd99e6e000 	C:\Program Files\Java\jdk-17\bin\msvcp140.dll
0x00007ffd4f4a0000 - 0x00007ffd5007f000 	C:\Program Files\Java\jdk-17\bin\server\jvm.dll
0x00007ffddae60000 - 0x00007ffddae68000 	C:\WINDOWS\System32\PSAPI.DLL
0x00007ffdb2920000 - 0x00007ffdb292a000 	C:\WINDOWS\SYSTEM32\WSOCK32.dll
0x00007ffdc1810000 - 0x00007ffdc1846000 	C:\WINDOWS\SYSTEM32\WINMM.dll
0x00007ffddb540000 - 0x00007ffddb5b4000 	C:\WINDOWS\System32\WS2_32.dll
0x00007ffdd7420000 - 0x00007ffdd743a000 	C:\WINDOWS\SYSTEM32\kernel.appcore.dll
0x00007ffdcb230000 - 0x00007ffdcb23a000 	C:\Program Files\Java\jdk-17\bin\jimage.dll
0x00007ffdd84f0000 - 0x00007ffdd8731000 	C:\WINDOWS\SYSTEM32\DBGHELP.DLL
0x00007ffddb1b0000 - 0x00007ffddb52e000 	C:\WINDOWS\System32\combase.dll
0x00007ffddb760000 - 0x00007ffddb836000 	C:\WINDOWS\System32\OLEAUT32.dll
0x00007ffdd8350000 - 0x00007ffdd8389000 	C:\WINDOWS\SYSTEM32\dbgcore.DLL
0x00007ffdd94f0000 - 0x00007ffdd9589000 	C:\WINDOWS\System32\bcryptPrimitives.dll
0x00007ffdc62a0000 - 0x00007ffdc62c5000 	C:\Program Files\Java\jdk-17\bin\java.dll

dbghelp: loaded successfully - version: 4.0.5 - missing functions: none
symbol engine: initialized successfully - sym options: 0x614 - pdb path: .;C:\Program Files\Java\jdk-17\bin;C:\WINDOWS\SYSTEM32;C:\WINDOWS\WinSxS\amd64_microsoft.windows.common-controls_6595b64144ccf1df_6.0.26100.3037_none_3e09262ce333c378;C:\Program Files\Java\jdk-17\bin\server

VM Arguments:
jvm_args: -Dnet.bytebuddy.agent.attacher.dump= 
java_command: net.bytebuddy.agent.Attacher com.sun.tools.attach.VirtualMachine 29596 C:\Users\hs\.gradle\caches\modules-2\files-2.1\net.bytebuddy\byte-buddy-agent\1.14.17\e3c251a39dc90badaf71c83427ba46840f219d8d\byte-buddy-agent-1.14.17.jar false 
java_class_path (initial): C:\Users\hs\.gradle\caches\modules-2\files-2.1\net.bytebuddy\byte-buddy-agent\1.14.17\e3c251a39dc90badaf71c83427ba46840f219d8d\byte-buddy-agent-1.14.17.jar
Launcher Type: SUN_STANDARD

[Global flags]
     intx CICompilerCount                          = 12                                        {product} {ergonomic}
     uint ConcGCThreads                            = 3                                         {product} {ergonomic}
     uint G1ConcRefinementThreads                  = 13                                        {product} {ergonomic}
   size_t G1HeapRegionSize                         = 2097152                                   {product} {ergonomic}
    uintx GCDrainStackTargetSize                   = 64                                        {product} {ergonomic}
   size_t InitialHeapSize                          = 264241152                                 {product} {ergonomic}
   size_t MarkStackSize                            = 4194304                                   {product} {ergonomic}
   size_t MaxHeapSize                              = 4221566976                                {product} {ergonomic}
   size_t MinHeapDeltaBytes                        = 2097152                                   {product} {ergonomic}
   size_t MinHeapSize                              = 8388608                                   {product} {ergonomic}
    uintx NonNMethodCodeHeapSize                   = 7602480                                {pd product} {ergonomic}
    uintx NonProfiledCodeHeapSize                  = 122027880                              {pd product} {ergonomic}
    uintx ProfiledCodeHeapSize                     = 122027880                              {pd product} {ergonomic}
    uintx ReservedCodeCacheSize                    = 251658240                              {pd product} {ergonomic}
     bool SegmentedCodeCache                       = true                                      {product} {ergonomic}
   size_t SoftMaxHeapSize                          = 4221566976                             {manageable} {ergonomic}
     bool UseCompressedClassPointers               = true                           {product lp64_product} {ergonomic}
     bool UseCompressedOops                        = true                           {product lp64_product} {ergonomic}
     bool UseG1GC                                  = true                                      {product} {ergonomic}
     bool UseLargePagesIndividualAllocation        = false                                  {pd product} {ergonomic}

Logging:
Log output configuration:
 #0: stdout all=warning uptime,level,tags
 #1: stderr all=off uptime,level,tags

Environment Variables:
JAVA_HOME=C:\Program Files\Java\jdk-17
CLASSPATH=C:\elcMonitor\monitor\\gradle\wrapper\gradle-wrapper.jar
PATH=C:\Users\hs\anaconda3;C:\Users\hs\anaconda3\Library\mingw-w64\bin;C:\Users\hs\anaconda3\Library\usr\bin;C:\Users\hs\anaconda3\Library\bin;C:\Users\hs\anaconda3\Scripts;C:\Users\hs\anaconda3\bin;C:\Users\hs\anaconda3\condabin;C:\Program Files\NVIDIA GPU Computing Toolkit\CUDA\v12.1\bin;C:\Program Files\NVIDIA GPU Computing Toolkit\CUDA\v12.1\libnvvp;.;C:\Program Files\NVIDIA GPU Computing Toolkit\CUDA\v12.5\bin;C:\Program Files\NVIDIA GPU Computing Toolkit\CUDA\v12.5\libnvvp;C:\Database\Oracle\WINDOWS.X64_193000_db_home\bin;C:\Program Files\Common Files\Oracle\Java\javapath;C:\Program Files (x86)\Common Files\Oracle\Java\java8path;C:\Program Files (x86)\Common Files\Oracle\Java\javapath;C:\Program Files\Common Files\Pleora;C:\Program Files\Common Files\Pleora\eBUS SDK;C:\Program Files (x86)\Common Files\Pleora;C:\Program Files (x86)\Common Files\Pleora\eBUS SDK;C:\Program Files\Microsoft\jdk-11.0.16.101-hotspot\bin;C:\WINDOWS\system32;C:\WINDOWS;C:\WINDOWS\System32\Wbem;C:\WINDOWS\System32\WindowsPowerShell\v1.0;C:\WINDOWS\System32\OpenSSH;C:\Program Files\Bandizip;C:\Program Files\dotnet;C:\ProgramData\chocolatey\bin;C:\Program Files\Microsoft SQL Server\150\Tools\Binn;C:\Program Files\PostgreSQL\13\bin;C:\Program Files\nodejs;C:\Program Files\Java\jdk-17\bin;C:\Program Files\Git\cmd;C:\Program Files\MariaDB 10.6\bin;C:\Program Files\MariaDB 11.0\bin;C:\Program Files\CMake\bin;C:\exit_repository\apache-maven-3.9.7\bin;C:\Program Files (x86)\NVIDIA Corporation\PhysX\Common;C:\Program Files\NVIDIA Corporation\Nsight Compute 2023.1.0;C:\Program Files\Redis;C:\Program Files\PowerShell\7;C:\Program Files\NVIDIA Corporation\NVIDIA app\NvDLISR;C:\Users\hs\AppData\Local\Programs\Python\Python311\Scripts;C:\Users\hs\AppData\Local\Programs\Python\Python311;C:\Users\hs\AppData\Local\Microsoft\WindowsApps;C:\Users\hs\.dotnet\tools;C:\Users\hs\AppData\Local\Programs\Microsoft VS Code\bin;C:\Users\hs\anaconda3\Library;C:\PATH_Programs;C:\Program Files\nodejs;C:\Program Files\Op
USERNAME=hs
OS=Windows_NT
PROCESSOR_IDENTIFIER=Intel64 Family 6 Model 154 Stepping 3, GenuineIntel



---------------  S Y S T E M  ---------------

OS:
 Windows 11 , 64 bit Build 26100 (10.0.26100.3037)
OS uptime: 3 days 1:07 hours
Hyper-V role detected

CPU: total 16 (initial active 16) (8 cores per cpu, 2 threads per core) family 6 model 154 stepping 3 microcode 0x41e, cx8, cmov, fxsr, ht, mmx, 3dnowpref, sse, sse2, sse3, ssse3, sse4.1, sse4.2, popcnt, lzcnt, tsc, tscinvbit, avx, avx2, aes, erms, clmul, bmi1, bmi2, adx, sha, fma, vzeroupper, clflush, clflushopt, clwb, hv

Memory: 4k page, system-wide physical 16100M (771M free)
TotalPageFile size 45610M (AvailPageFile size 132M)
current process WorkingSet (physical memory assigned to process): 12M, peak: 12M
current process commit charge ("private bytes"): 70M, peak: 322M

vm_info: Java HotSpot(TM) 64-Bit Server VM (17.0.10+11-LTS-240) for windows-amd64 JRE (17.0.10+11-LTS-240), built on Dec 19 2023 21:47:25 by "mach5one" with MS VC++ 17.1 (VS2022)

END.
